[2024-11-08 14:35:55] local.ERROR: Unable to find component: [] {"userId":"7a10a37c-fc72-48a4-994c-154e5524fc5e","exception":"[object] (Livewire\\Exceptions\\ComponentNotFoundException(code: 0): Unable to find component: [] at /home/reasnovynt/Projects/gubukode/products/internship-system/vendor/livewire/livewire/src/Mechanisms/ComponentRegistry.php:116)
[stacktrace]
#0 /home/reasnovynt/Projects/gubukode/products/internship-system/vendor/livewire/livewire/src/Mechanisms/ComponentRegistry.php(25): Livewire\\Mechanisms\\ComponentRegistry->getNameAndClass()
#1 /home/reasnovynt/Projects/gubukode/products/internship-system/vendor/livewire/livewire/src/LivewireManager.php(58): Livewire\\Mechanisms\\ComponentRegistry->new()
#2 /home/reasnovynt/Projects/gubukode/products/internship-system/vendor/livewire/livewire/src/Mechanisms/HandleComponents/HandleComponents.php(43): Livewire\\LivewireManager->new()
#3 /home/reasnovynt/Projects/gubukode/products/internship-system/vendor/livewire/livewire/src/LivewireManager.php(73): Livewire\\Mechanisms\\HandleComponents\\HandleComponents->mount()
#4 /home/reasnovynt/Projects/gubukode/products/internship-system/vendor/livewire/volt/src/LivewireManager.php(23): Livewire\\LivewireManager->mount()
#5 /home/reasnovynt/Projects/gubukode/products/internship-system/storage/framework/views/9aadfbc5ec96e524bbac0985976718bd.php(95): Livewire\\Volt\\LivewireManager->mount()
#6 /home/reasnovynt/Projects/gubukode/products/internship-system/vendor/livewire/livewire/src/Mechanisms/ExtendBlade/ExtendedCompilerEngine.php(37): include('...')
#7 /home/reasnovynt/Projects/gubukode/products/internship-system/vendor/livewire/livewire/src/Mechanisms/ExtendBlade/ExtendedCompilerEngine.php(38): Livewire\\Volt\\Component@anonymous->Livewire\\Mechanisms\\ExtendBlade\\{closure}()
#8 /home/reasnovynt/Projects/gubukode/products/internship-system/vendor/laravel/framework/src/Illuminate/View/Engines/CompilerEngine.php(74): Livewire\\Mechanisms\\ExtendBlade\\ExtendedCompilerEngine->evaluatePath()
#9 /home/reasnovynt/Projects/gubukode/products/internship-system/vendor/livewire/livewire/src/Mechanisms/ExtendBlade/ExtendedCompilerEngine.php(16): Illuminate\\View\\Engines\\CompilerEngine->get()
#10 /home/reasnovynt/Projects/gubukode/products/internship-system/vendor/laravel/framework/src/Illuminate/View/View.php(208): Livewire\\Mechanisms\\ExtendBlade\\ExtendedCompilerEngine->get()
#11 /home/reasnovynt/Projects/gubukode/products/internship-system/vendor/laravel/framework/src/Illuminate/View/View.php(191): Illuminate\\View\\View->getContents()
#12 /home/reasnovynt/Projects/gubukode/products/internship-system/vendor/laravel/framework/src/Illuminate/View/View.php(160): Illuminate\\View\\View->renderContents()
#13 /home/reasnovynt/Projects/gubukode/products/internship-system/vendor/livewire/livewire/src/Mechanisms/HandleComponents/HandleComponents.php(241): Illuminate\\View\\View->render()
#14 /home/reasnovynt/Projects/gubukode/products/internship-system/vendor/livewire/livewire/src/Mechanisms/HandleComponents/HandleComponents.php(285): Livewire\\Mechanisms\\HandleComponents\\HandleComponents->Livewire\\Mechanisms\\HandleComponents\\{closure}()
#15 /home/reasnovynt/Projects/gubukode/products/internship-system/vendor/livewire/livewire/src/Mechanisms/HandleComponents/HandleComponents.php(233): Livewire\\Mechanisms\\HandleComponents\\HandleComponents->trackInRenderStack()
#16 /home/reasnovynt/Projects/gubukode/products/internship-system/vendor/livewire/livewire/src/Mechanisms/HandleComponents/HandleComponents.php(54): Livewire\\Mechanisms\\HandleComponents\\HandleComponents->render()
#17 /home/reasnovynt/Projects/gubukode/products/internship-system/vendor/livewire/livewire/src/LivewireManager.php(73): Livewire\\Mechanisms\\HandleComponents\\HandleComponents->mount()
#18 /home/reasnovynt/Projects/gubukode/products/internship-system/vendor/livewire/volt/src/LivewireManager.php(23): Livewire\\LivewireManager->mount()
#19 /home/reasnovynt/Projects/gubukode/products/internship-system/storage/framework/views/5d8c2ffe4a993d87dd7ef842d0a14ee1.php(56): Livewire\\Volt\\LivewireManager->mount()
#20 /home/reasnovynt/Projects/gubukode/products/internship-system/vendor/livewire/livewire/src/Mechanisms/ExtendBlade/ExtendedCompilerEngine.php(37): include('...')
#21 /home/reasnovynt/Projects/gubukode/products/internship-system/vendor/livewire/livewire/src/Mechanisms/ExtendBlade/ExtendedCompilerEngine.php(38): Livewire\\Volt\\Component@anonymous->Livewire\\Mechanisms\\ExtendBlade\\{closure}()
#22 /home/reasnovynt/Projects/gubukode/products/internship-system/vendor/laravel/framework/src/Illuminate/View/Engines/CompilerEngine.php(74): Livewire\\Mechanisms\\ExtendBlade\\ExtendedCompilerEngine->evaluatePath()
#23 /home/reasnovynt/Projects/gubukode/products/internship-system/vendor/livewire/livewire/src/Mechanisms/ExtendBlade/ExtendedCompilerEngine.php(16): Illuminate\\View\\Engines\\CompilerEngine->get()
#24 /home/reasnovynt/Projects/gubukode/products/internship-system/vendor/laravel/framework/src/Illuminate/View/View.php(208): Livewire\\Mechanisms\\ExtendBlade\\ExtendedCompilerEngine->get()
#25 /home/reasnovynt/Projects/gubukode/products/internship-system/vendor/laravel/framework/src/Illuminate/View/View.php(191): Illuminate\\View\\View->getContents()
#26 /home/reasnovynt/Projects/gubukode/products/internship-system/vendor/laravel/framework/src/Illuminate/View/View.php(160): Illuminate\\View\\View->renderContents()
#27 /home/reasnovynt/Projects/gubukode/products/internship-system/vendor/livewire/livewire/src/Mechanisms/HandleComponents/HandleComponents.php(241): Illuminate\\View\\View->render()
#28 /home/reasnovynt/Projects/gubukode/products/internship-system/vendor/livewire/livewire/src/Mechanisms/HandleComponents/HandleComponents.php(285): Livewire\\Mechanisms\\HandleComponents\\HandleComponents->Livewire\\Mechanisms\\HandleComponents\\{closure}()
#29 /home/reasnovynt/Projects/gubukode/products/internship-system/vendor/livewire/livewire/src/Mechanisms/HandleComponents/HandleComponents.php(233): Livewire\\Mechanisms\\HandleComponents\\HandleComponents->trackInRenderStack()
#30 /home/reasnovynt/Projects/gubukode/products/internship-system/vendor/livewire/livewire/src/Mechanisms/HandleComponents/HandleComponents.php(54): Livewire\\Mechanisms\\HandleComponents\\HandleComponents->render()
#31 /home/reasnovynt/Projects/gubukode/products/internship-system/vendor/livewire/livewire/src/LivewireManager.php(73): Livewire\\Mechanisms\\HandleComponents\\HandleComponents->mount()
#32 /home/reasnovynt/Projects/gubukode/products/internship-system/vendor/livewire/volt/src/LivewireManager.php(23): Livewire\\LivewireManager->mount()
#33 /home/reasnovynt/Projects/gubukode/products/internship-system/vendor/livewire/livewire/src/Features/SupportPageComponents/HandlesPageComponents.php(17): Livewire\\Volt\\LivewireManager->mount()
#34 /home/reasnovynt/Projects/gubukode/products/internship-system/vendor/livewire/livewire/src/Features/SupportPageComponents/SupportPageComponents.php(117): Livewire\\Component->Livewire\\Features\\SupportPageComponents\\{closure}()
#35 /home/reasnovynt/Projects/gubukode/products/internship-system/vendor/livewire/livewire/src/Features/SupportPageComponents/HandlesPageComponents.php(14): Livewire\\Features\\SupportPageComponents\\SupportPageComponents::interceptTheRenderOfTheComponentAndRetreiveTheLayoutConfiguration()
#36 /home/reasnovynt/Projects/gubukode/products/internship-system/vendor/laravel/framework/src/Illuminate/Container/BoundMethod.php(36): Livewire\\Component->__invoke()
#37 /home/reasnovynt/Projects/gubukode/products/internship-system/vendor/laravel/framework/src/Illuminate/Container/Util.php(43): Illuminate\\Container\\BoundMethod::Illuminate\\Container\\{closure}()
#38 /home/reasnovynt/Projects/gubukode/products/internship-system/vendor/laravel/framework/src/Illuminate/Container/BoundMethod.php(95): Illuminate\\Container\\Util::unwrapIfClosure()
#39 /home/reasnovynt/Projects/gubukode/products/internship-system/vendor/laravel/framework/src/Illuminate/Container/BoundMethod.php(35): Illuminate\\Container\\BoundMethod::callBoundMethod()
#40 /home/reasnovynt/Projects/gubukode/products/internship-system/vendor/laravel/framework/src/Illuminate/Container/Container.php(690): Illuminate\\Container\\BoundMethod::call()
#41 /home/reasnovynt/Projects/gubukode/products/internship-system/vendor/livewire/volt/src/VoltManager.php(38): Illuminate\\Container\\Container->call()
#42 /home/reasnovynt/Projects/gubukode/products/internship-system/vendor/laravel/framework/src/Illuminate/Routing/CallableDispatcher.php(40): Livewire\\Volt\\VoltManager->Livewire\\Volt\\{closure}()
#43 /home/reasnovynt/Projects/gubukode/products/internship-system/vendor/laravel/framework/src/Illuminate/Routing/Route.php(242): Illuminate\\Routing\\CallableDispatcher->dispatch()
#44 /home/reasnovynt/Projects/gubukode/products/internship-system/vendor/laravel/framework/src/Illuminate/Routing/Route.php(213): Illuminate\\Routing\\Route->runCallable()
#45 /home/reasnovynt/Projects/gubukode/products/internship-system/vendor/laravel/framework/src/Illuminate/Routing/Router.php(808): Illuminate\\Routing\\Route->run()
#46 /home/reasnovynt/Projects/gubukode/products/internship-system/vendor/laravel/framework/src/Illuminate/Pipeline/Pipeline.php(144): Illuminate\\Routing\\Router->Illuminate\\Routing\\{closure}()
#47 /home/reasnovynt/Projects/gubukode/products/internship-system/vendor/spatie/laravel-permission/src/Middleware/RoleMiddleware.php(39): Illuminate\\Pipeline\\Pipeline->Illuminate\\Pipeline\\{closure}()
#48 /home/reasnovynt/Projects/gubukode/products/internship-system/vendor/laravel/framework/src/Illuminate/Pipeline/Pipeline.php(183): Spatie\\Permission\\Middleware\\RoleMiddleware->handle()
#49 /home/reasnovynt/Projects/gubukode/products/internship-system/vendor/php-flasher/flasher-laravel/Middleware/FlasherMiddleware.php(21): Illuminate\\Pipeline\\Pipeline->Illuminate\\Pipeline\\{closure}()
#50 /home/reasnovynt/Projects/gubukode/products/internship-system/vendor/laravel/framework/src/Illuminate/Pipeline/Pipeline.php(183): Flasher\\Laravel\\Middleware\\FlasherMiddleware->handle()
#51 /home/reasnovynt/Projects/gubukode/products/internship-system/vendor/php-flasher/flasher-laravel/Middleware/SessionMiddleware.php(21): Illuminate\\Pipeline\\Pipeline->Illuminate\\Pipeline\\{closure}()
#52 /home/reasnovynt/Projects/gubukode/products/internship-system/vendor/laravel/framework/src/Illuminate/Pipeline/Pipeline.php(183): Flasher\\Laravel\\Middleware\\SessionMiddleware->handle()
#53 /home/reasnovynt/Projects/gubukode/products/internship-system/vendor/laravel/framework/src/Illuminate/Routing/Middleware/SubstituteBindings.php(51): Illuminate\\Pipeline\\Pipeline->Illuminate\\Pipeline\\{closure}()
#54 /home/reasnovynt/Projects/gubukode/products/internship-system/vendor/laravel/framework/src/Illuminate/Pipeline/Pipeline.php(183): Illuminate\\Routing\\Middleware\\SubstituteBindings->handle()
#55 /home/reasnovynt/Projects/gubukode/products/internship-system/vendor/laravel/framework/src/Illuminate/Auth/Middleware/Authenticate.php(64): Illuminate\\Pipeline\\Pipeline->Illuminate\\Pipeline\\{closure}()
#56 /home/reasnovynt/Projects/gubukode/products/internship-system/vendor/laravel/framework/src/Illuminate/Pipeline/Pipeline.php(183): Illuminate\\Auth\\Middleware\\Authenticate->handle()
#57 /home/reasnovynt/Projects/gubukode/products/internship-system/vendor/laravel/framework/src/Illuminate/Foundation/Http/Middleware/VerifyCsrfToken.php(88): Illuminate\\Pipeline\\Pipeline->Illuminate\\Pipeline\\{closure}()
#58 /home/reasnovynt/Projects/gubukode/products/internship-system/vendor/laravel/framework/src/Illuminate/Pipeline/Pipeline.php(183): Illuminate\\Foundation\\Http\\Middleware\\VerifyCsrfToken->handle()
#59 /home/reasnovynt/Projects/gubukode/products/internship-system/vendor/laravel/framework/src/Illuminate/View/Middleware/ShareErrorsFromSession.php(49): Illuminate\\Pipeline\\Pipeline->Illuminate\\Pipeline\\{closure}()
#60 /home/reasnovynt/Projects/gubukode/products/internship-system/vendor/laravel/framework/src/Illuminate/Pipeline/Pipeline.php(183): Illuminate\\View\\Middleware\\ShareErrorsFromSession->handle()
#61 /home/reasnovynt/Projects/gubukode/products/internship-system/vendor/laravel/framework/src/Illuminate/Session/Middleware/StartSession.php(121): Illuminate\\Pipeline\\Pipeline->Illuminate\\Pipeline\\{closure}()
#62 /home/reasnovynt/Projects/gubukode/products/internship-system/vendor/laravel/framework/src/Illuminate/Session/Middleware/StartSession.php(64): Illuminate\\Session\\Middleware\\StartSession->handleStatefulRequest()
#63 /home/reasnovynt/Projects/gubukode/products/internship-system/vendor/laravel/framework/src/Illuminate/Pipeline/Pipeline.php(183): Illuminate\\Session\\Middleware\\StartSession->handle()
#64 /home/reasnovynt/Projects/gubukode/products/internship-system/vendor/laravel/framework/src/Illuminate/Cookie/Middleware/AddQueuedCookiesToResponse.php(37): Illuminate\\Pipeline\\Pipeline->Illuminate\\Pipeline\\{closure}()
#65 /home/reasnovynt/Projects/gubukode/products/internship-system/vendor/laravel/framework/src/Illuminate/Pipeline/Pipeline.php(183): Illuminate\\Cookie\\Middleware\\AddQueuedCookiesToResponse->handle()
#66 /home/reasnovynt/Projects/gubukode/products/internship-system/vendor/laravel/framework/src/Illuminate/Cookie/Middleware/EncryptCookies.php(75): Illuminate\\Pipeline\\Pipeline->Illuminate\\Pipeline\\{closure}()
#67 /home/reasnovynt/Projects/gubukode/products/internship-system/vendor/laravel/framework/src/Illuminate/Pipeline/Pipeline.php(183): Illuminate\\Cookie\\Middleware\\EncryptCookies->handle()
#68 /home/reasnovynt/Projects/gubukode/products/internship-system/vendor/laravel/framework/src/Illuminate/Pipeline/Pipeline.php(119): Illuminate\\Pipeline\\Pipeline->Illuminate\\Pipeline\\{closure}()
#69 /home/reasnovynt/Projects/gubukode/products/internship-system/vendor/laravel/framework/src/Illuminate/Routing/Router.php(807): Illuminate\\Pipeline\\Pipeline->then()
#70 /home/reasnovynt/Projects/gubukode/products/internship-system/vendor/laravel/framework/src/Illuminate/Routing/Router.php(786): Illuminate\\Routing\\Router->runRouteWithinStack()
#71 /home/reasnovynt/Projects/gubukode/products/internship-system/vendor/laravel/framework/src/Illuminate/Routing/Router.php(750): Illuminate\\Routing\\Router->runRoute()
#72 /home/reasnovynt/Projects/gubukode/products/internship-system/vendor/laravel/framework/src/Illuminate/Routing/Router.php(739): Illuminate\\Routing\\Router->dispatchToRoute()
#73 /home/reasnovynt/Projects/gubukode/products/internship-system/vendor/laravel/framework/src/Illuminate/Foundation/Http/Kernel.php(201): Illuminate\\Routing\\Router->dispatch()
#74 /home/reasnovynt/Projects/gubukode/products/internship-system/vendor/laravel/framework/src/Illuminate/Pipeline/Pipeline.php(144): Illuminate\\Foundation\\Http\\Kernel->Illuminate\\Foundation\\Http\\{closure}()
#75 /home/reasnovynt/Projects/gubukode/products/internship-system/vendor/livewire/livewire/src/Features/SupportDisablingBackButtonCache/DisableBackButtonCacheMiddleware.php(19): Illuminate\\Pipeline\\Pipeline->Illuminate\\Pipeline\\{closure}()
#76 /home/reasnovynt/Projects/gubukode/products/internship-system/vendor/laravel/framework/src/Illuminate/Pipeline/Pipeline.php(183): Livewire\\Features\\SupportDisablingBackButtonCache\\DisableBackButtonCacheMiddleware->handle()
#77 /home/reasnovynt/Projects/gubukode/products/internship-system/vendor/laravel/framework/src/Illuminate/Foundation/Http/Middleware/TransformsRequest.php(21): Illuminate\\Pipeline\\Pipeline->Illuminate\\Pipeline\\{closure}()
#78 /home/reasnovynt/Projects/gubukode/products/internship-system/vendor/laravel/framework/src/Illuminate/Foundation/Http/Middleware/ConvertEmptyStringsToNull.php(31): Illuminate\\Foundation\\Http\\Middleware\\TransformsRequest->handle()
#79 /home/reasnovynt/Projects/gubukode/products/internship-system/vendor/laravel/framework/src/Illuminate/Pipeline/Pipeline.php(183): Illuminate\\Foundation\\Http\\Middleware\\ConvertEmptyStringsToNull->handle()
#80 /home/reasnovynt/Projects/gubukode/products/internship-system/vendor/laravel/framework/src/Illuminate/Foundation/Http/Middleware/TransformsRequest.php(21): Illuminate\\Pipeline\\Pipeline->Illuminate\\Pipeline\\{closure}()
#81 /home/reasnovynt/Projects/gubukode/products/internship-system/vendor/laravel/framework/src/Illuminate/Foundation/Http/Middleware/TrimStrings.php(51): Illuminate\\Foundation\\Http\\Middleware\\TransformsRequest->handle()
#82 /home/reasnovynt/Projects/gubukode/products/internship-system/vendor/laravel/framework/src/Illuminate/Pipeline/Pipeline.php(183): Illuminate\\Foundation\\Http\\Middleware\\TrimStrings->handle()
#83 /home/reasnovynt/Projects/gubukode/products/internship-system/vendor/laravel/framework/src/Illuminate/Http/Middleware/ValidatePostSize.php(27): Illuminate\\Pipeline\\Pipeline->Illuminate\\Pipeline\\{closure}()
#84 /home/reasnovynt/Projects/gubukode/products/internship-system/vendor/laravel/framework/src/Illuminate/Pipeline/Pipeline.php(183): Illuminate\\Http\\Middleware\\ValidatePostSize->handle()
#85 /home/reasnovynt/Projects/gubukode/products/internship-system/vendor/laravel/framework/src/Illuminate/Foundation/Http/Middleware/PreventRequestsDuringMaintenance.php(110): Illuminate\\Pipeline\\Pipeline->Illuminate\\Pipeline\\{closure}()
#86 /home/reasnovynt/Projects/gubukode/products/internship-system/vendor/laravel/framework/src/Illuminate/Pipeline/Pipeline.php(183): Illuminate\\Foundation\\Http\\Middleware\\PreventRequestsDuringMaintenance->handle()
#87 /home/reasnovynt/Projects/gubukode/products/internship-system/vendor/laravel/framework/src/Illuminate/Http/Middleware/HandleCors.php(49): Illuminate\\Pipeline\\Pipeline->Illuminate\\Pipeline\\{closure}()
#88 /home/reasnovynt/Projects/gubukode/products/internship-system/vendor/laravel/framework/src/Illuminate/Pipeline/Pipeline.php(183): Illuminate\\Http\\Middleware\\HandleCors->handle()
#89 /home/reasnovynt/Projects/gubukode/products/internship-system/vendor/laravel/framework/src/Illuminate/Http/Middleware/TrustProxies.php(58): Illuminate\\Pipeline\\Pipeline->Illuminate\\Pipeline\\{closure}()
#90 /home/reasnovynt/Projects/gubukode/products/internship-system/vendor/laravel/framework/src/Illuminate/Pipeline/Pipeline.php(183): Illuminate\\Http\\Middleware\\TrustProxies->handle()
#91 /home/reasnovynt/Projects/gubukode/products/internship-system/vendor/laravel/framework/src/Illuminate/Foundation/Http/Middleware/InvokeDeferredCallbacks.php(22): Illuminate\\Pipeline\\Pipeline->Illuminate\\Pipeline\\{closure}()
#92 /home/reasnovynt/Projects/gubukode/products/internship-system/vendor/laravel/framework/src/Illuminate/Pipeline/Pipeline.php(183): Illuminate\\Foundation\\Http\\Middleware\\InvokeDeferredCallbacks->handle()
#93 /home/reasnovynt/Projects/gubukode/products/internship-system/vendor/laravel/framework/src/Illuminate/Pipeline/Pipeline.php(119): Illuminate\\Pipeline\\Pipeline->Illuminate\\Pipeline\\{closure}()
#94 /home/reasnovynt/Projects/gubukode/products/internship-system/vendor/laravel/framework/src/Illuminate/Foundation/Http/Kernel.php(176): Illuminate\\Pipeline\\Pipeline->then()
#95 /home/reasnovynt/Projects/gubukode/products/internship-system/vendor/laravel/framework/src/Illuminate/Foundation/Http/Kernel.php(145): Illuminate\\Foundation\\Http\\Kernel->sendRequestThroughRouter()
#96 /home/reasnovynt/Projects/gubukode/products/internship-system/vendor/laravel/framework/src/Illuminate/Foundation/Application.php(1188): Illuminate\\Foundation\\Http\\Kernel->handle()
#97 /home/reasnovynt/Projects/gubukode/products/internship-system/public/index.php(17): Illuminate\\Foundation\\Application->handleRequest()
#98 /home/reasnovynt/Projects/gubukode/products/internship-system/vendor/laravel/framework/src/Illuminate/Foundation/resources/server.php(23): require_once('...')
#99 {main}
"} 
[2024-11-08 14:44:26] local.ERROR: Unable to find component: [pages.internships.manage-program] {"userId":"7a10a37c-fc72-48a4-994c-154e5524fc5e","exception":"[object] (Livewire\\Exceptions\\ComponentNotFoundException(code: 0): Unable to find component: [pages.internships.manage-program] at /home/reasnovynt/Projects/gubukode/products/internship-system/vendor/livewire/livewire/src/Mechanisms/ComponentRegistry.php:116)
[stacktrace]
#0 /home/reasnovynt/Projects/gubukode/products/internship-system/vendor/livewire/livewire/src/Mechanisms/ComponentRegistry.php(25): Livewire\\Mechanisms\\ComponentRegistry->getNameAndClass()
#1 /home/reasnovynt/Projects/gubukode/products/internship-system/vendor/livewire/livewire/src/LivewireManager.php(58): Livewire\\Mechanisms\\ComponentRegistry->new()
#2 /home/reasnovynt/Projects/gubukode/products/internship-system/vendor/livewire/volt/src/VoltManager.php(39): Livewire\\LivewireManager->new()
#3 /home/reasnovynt/Projects/gubukode/products/internship-system/vendor/laravel/framework/src/Illuminate/Routing/CallableDispatcher.php(40): Livewire\\Volt\\VoltManager->Livewire\\Volt\\{closure}()
#4 /home/reasnovynt/Projects/gubukode/products/internship-system/vendor/laravel/framework/src/Illuminate/Routing/Route.php(242): Illuminate\\Routing\\CallableDispatcher->dispatch()
#5 /home/reasnovynt/Projects/gubukode/products/internship-system/vendor/laravel/framework/src/Illuminate/Routing/Route.php(213): Illuminate\\Routing\\Route->runCallable()
#6 /home/reasnovynt/Projects/gubukode/products/internship-system/vendor/laravel/framework/src/Illuminate/Routing/Router.php(808): Illuminate\\Routing\\Route->run()
#7 /home/reasnovynt/Projects/gubukode/products/internship-system/vendor/laravel/framework/src/Illuminate/Pipeline/Pipeline.php(144): Illuminate\\Routing\\Router->Illuminate\\Routing\\{closure}()
#8 /home/reasnovynt/Projects/gubukode/products/internship-system/vendor/spatie/laravel-permission/src/Middleware/RoleMiddleware.php(39): Illuminate\\Pipeline\\Pipeline->Illuminate\\Pipeline\\{closure}()
#9 /home/reasnovynt/Projects/gubukode/products/internship-system/vendor/laravel/framework/src/Illuminate/Pipeline/Pipeline.php(183): Spatie\\Permission\\Middleware\\RoleMiddleware->handle()
#10 /home/reasnovynt/Projects/gubukode/products/internship-system/vendor/php-flasher/flasher-laravel/Middleware/FlasherMiddleware.php(21): Illuminate\\Pipeline\\Pipeline->Illuminate\\Pipeline\\{closure}()
#11 /home/reasnovynt/Projects/gubukode/products/internship-system/vendor/laravel/framework/src/Illuminate/Pipeline/Pipeline.php(183): Flasher\\Laravel\\Middleware\\FlasherMiddleware->handle()
#12 /home/reasnovynt/Projects/gubukode/products/internship-system/vendor/php-flasher/flasher-laravel/Middleware/SessionMiddleware.php(21): Illuminate\\Pipeline\\Pipeline->Illuminate\\Pipeline\\{closure}()
#13 /home/reasnovynt/Projects/gubukode/products/internship-system/vendor/laravel/framework/src/Illuminate/Pipeline/Pipeline.php(183): Flasher\\Laravel\\Middleware\\SessionMiddleware->handle()
#14 /home/reasnovynt/Projects/gubukode/products/internship-system/vendor/laravel/framework/src/Illuminate/Routing/Middleware/SubstituteBindings.php(51): Illuminate\\Pipeline\\Pipeline->Illuminate\\Pipeline\\{closure}()
#15 /home/reasnovynt/Projects/gubukode/products/internship-system/vendor/laravel/framework/src/Illuminate/Pipeline/Pipeline.php(183): Illuminate\\Routing\\Middleware\\SubstituteBindings->handle()
#16 /home/reasnovynt/Projects/gubukode/products/internship-system/vendor/laravel/framework/src/Illuminate/Auth/Middleware/Authenticate.php(64): Illuminate\\Pipeline\\Pipeline->Illuminate\\Pipeline\\{closure}()
#17 /home/reasnovynt/Projects/gubukode/products/internship-system/vendor/laravel/framework/src/Illuminate/Pipeline/Pipeline.php(183): Illuminate\\Auth\\Middleware\\Authenticate->handle()
#18 /home/reasnovynt/Projects/gubukode/products/internship-system/vendor/laravel/framework/src/Illuminate/Foundation/Http/Middleware/VerifyCsrfToken.php(88): Illuminate\\Pipeline\\Pipeline->Illuminate\\Pipeline\\{closure}()
#19 /home/reasnovynt/Projects/gubukode/products/internship-system/vendor/laravel/framework/src/Illuminate/Pipeline/Pipeline.php(183): Illuminate\\Foundation\\Http\\Middleware\\VerifyCsrfToken->handle()
#20 /home/reasnovynt/Projects/gubukode/products/internship-system/vendor/laravel/framework/src/Illuminate/View/Middleware/ShareErrorsFromSession.php(49): Illuminate\\Pipeline\\Pipeline->Illuminate\\Pipeline\\{closure}()
#21 /home/reasnovynt/Projects/gubukode/products/internship-system/vendor/laravel/framework/src/Illuminate/Pipeline/Pipeline.php(183): Illuminate\\View\\Middleware\\ShareErrorsFromSession->handle()
#22 /home/reasnovynt/Projects/gubukode/products/internship-system/vendor/laravel/framework/src/Illuminate/Session/Middleware/StartSession.php(121): Illuminate\\Pipeline\\Pipeline->Illuminate\\Pipeline\\{closure}()
#23 /home/reasnovynt/Projects/gubukode/products/internship-system/vendor/laravel/framework/src/Illuminate/Session/Middleware/StartSession.php(64): Illuminate\\Session\\Middleware\\StartSession->handleStatefulRequest()
#24 /home/reasnovynt/Projects/gubukode/products/internship-system/vendor/laravel/framework/src/Illuminate/Pipeline/Pipeline.php(183): Illuminate\\Session\\Middleware\\StartSession->handle()
#25 /home/reasnovynt/Projects/gubukode/products/internship-system/vendor/laravel/framework/src/Illuminate/Cookie/Middleware/AddQueuedCookiesToResponse.php(37): Illuminate\\Pipeline\\Pipeline->Illuminate\\Pipeline\\{closure}()
#26 /home/reasnovynt/Projects/gubukode/products/internship-system/vendor/laravel/framework/src/Illuminate/Pipeline/Pipeline.php(183): Illuminate\\Cookie\\Middleware\\AddQueuedCookiesToResponse->handle()
#27 /home/reasnovynt/Projects/gubukode/products/internship-system/vendor/laravel/framework/src/Illuminate/Cookie/Middleware/EncryptCookies.php(75): Illuminate\\Pipeline\\Pipeline->Illuminate\\Pipeline\\{closure}()
#28 /home/reasnovynt/Projects/gubukode/products/internship-system/vendor/laravel/framework/src/Illuminate/Pipeline/Pipeline.php(183): Illuminate\\Cookie\\Middleware\\EncryptCookies->handle()
#29 /home/reasnovynt/Projects/gubukode/products/internship-system/vendor/laravel/framework/src/Illuminate/Pipeline/Pipeline.php(119): Illuminate\\Pipeline\\Pipeline->Illuminate\\Pipeline\\{closure}()
#30 /home/reasnovynt/Projects/gubukode/products/internship-system/vendor/laravel/framework/src/Illuminate/Routing/Router.php(807): Illuminate\\Pipeline\\Pipeline->then()
#31 /home/reasnovynt/Projects/gubukode/products/internship-system/vendor/laravel/framework/src/Illuminate/Routing/Router.php(786): Illuminate\\Routing\\Router->runRouteWithinStack()
#32 /home/reasnovynt/Projects/gubukode/products/internship-system/vendor/laravel/framework/src/Illuminate/Routing/Router.php(750): Illuminate\\Routing\\Router->runRoute()
#33 /home/reasnovynt/Projects/gubukode/products/internship-system/vendor/laravel/framework/src/Illuminate/Routing/Router.php(739): Illuminate\\Routing\\Router->dispatchToRoute()
#34 /home/reasnovynt/Projects/gubukode/products/internship-system/vendor/laravel/framework/src/Illuminate/Foundation/Http/Kernel.php(201): Illuminate\\Routing\\Router->dispatch()
#35 /home/reasnovynt/Projects/gubukode/products/internship-system/vendor/laravel/framework/src/Illuminate/Pipeline/Pipeline.php(144): Illuminate\\Foundation\\Http\\Kernel->Illuminate\\Foundation\\Http\\{closure}()
#36 /home/reasnovynt/Projects/gubukode/products/internship-system/vendor/livewire/livewire/src/Features/SupportDisablingBackButtonCache/DisableBackButtonCacheMiddleware.php(19): Illuminate\\Pipeline\\Pipeline->Illuminate\\Pipeline\\{closure}()
#37 /home/reasnovynt/Projects/gubukode/products/internship-system/vendor/laravel/framework/src/Illuminate/Pipeline/Pipeline.php(183): Livewire\\Features\\SupportDisablingBackButtonCache\\DisableBackButtonCacheMiddleware->handle()
#38 /home/reasnovynt/Projects/gubukode/products/internship-system/vendor/laravel/framework/src/Illuminate/Foundation/Http/Middleware/TransformsRequest.php(21): Illuminate\\Pipeline\\Pipeline->Illuminate\\Pipeline\\{closure}()
#39 /home/reasnovynt/Projects/gubukode/products/internship-system/vendor/laravel/framework/src/Illuminate/Foundation/Http/Middleware/ConvertEmptyStringsToNull.php(31): Illuminate\\Foundation\\Http\\Middleware\\TransformsRequest->handle()
#40 /home/reasnovynt/Projects/gubukode/products/internship-system/vendor/laravel/framework/src/Illuminate/Pipeline/Pipeline.php(183): Illuminate\\Foundation\\Http\\Middleware\\ConvertEmptyStringsToNull->handle()
#41 /home/reasnovynt/Projects/gubukode/products/internship-system/vendor/laravel/framework/src/Illuminate/Foundation/Http/Middleware/TransformsRequest.php(21): Illuminate\\Pipeline\\Pipeline->Illuminate\\Pipeline\\{closure}()
#42 /home/reasnovynt/Projects/gubukode/products/internship-system/vendor/laravel/framework/src/Illuminate/Foundation/Http/Middleware/TrimStrings.php(51): Illuminate\\Foundation\\Http\\Middleware\\TransformsRequest->handle()
#43 /home/reasnovynt/Projects/gubukode/products/internship-system/vendor/laravel/framework/src/Illuminate/Pipeline/Pipeline.php(183): Illuminate\\Foundation\\Http\\Middleware\\TrimStrings->handle()
#44 /home/reasnovynt/Projects/gubukode/products/internship-system/vendor/laravel/framework/src/Illuminate/Http/Middleware/ValidatePostSize.php(27): Illuminate\\Pipeline\\Pipeline->Illuminate\\Pipeline\\{closure}()
#45 /home/reasnovynt/Projects/gubukode/products/internship-system/vendor/laravel/framework/src/Illuminate/Pipeline/Pipeline.php(183): Illuminate\\Http\\Middleware\\ValidatePostSize->handle()
#46 /home/reasnovynt/Projects/gubukode/products/internship-system/vendor/laravel/framework/src/Illuminate/Foundation/Http/Middleware/PreventRequestsDuringMaintenance.php(110): Illuminate\\Pipeline\\Pipeline->Illuminate\\Pipeline\\{closure}()
#47 /home/reasnovynt/Projects/gubukode/products/internship-system/vendor/laravel/framework/src/Illuminate/Pipeline/Pipeline.php(183): Illuminate\\Foundation\\Http\\Middleware\\PreventRequestsDuringMaintenance->handle()
#48 /home/reasnovynt/Projects/gubukode/products/internship-system/vendor/laravel/framework/src/Illuminate/Http/Middleware/HandleCors.php(49): Illuminate\\Pipeline\\Pipeline->Illuminate\\Pipeline\\{closure}()
#49 /home/reasnovynt/Projects/gubukode/products/internship-system/vendor/laravel/framework/src/Illuminate/Pipeline/Pipeline.php(183): Illuminate\\Http\\Middleware\\HandleCors->handle()
#50 /home/reasnovynt/Projects/gubukode/products/internship-system/vendor/laravel/framework/src/Illuminate/Http/Middleware/TrustProxies.php(58): Illuminate\\Pipeline\\Pipeline->Illuminate\\Pipeline\\{closure}()
#51 /home/reasnovynt/Projects/gubukode/products/internship-system/vendor/laravel/framework/src/Illuminate/Pipeline/Pipeline.php(183): Illuminate\\Http\\Middleware\\TrustProxies->handle()
#52 /home/reasnovynt/Projects/gubukode/products/internship-system/vendor/laravel/framework/src/Illuminate/Foundation/Http/Middleware/InvokeDeferredCallbacks.php(22): Illuminate\\Pipeline\\Pipeline->Illuminate\\Pipeline\\{closure}()
#53 /home/reasnovynt/Projects/gubukode/products/internship-system/vendor/laravel/framework/src/Illuminate/Pipeline/Pipeline.php(183): Illuminate\\Foundation\\Http\\Middleware\\InvokeDeferredCallbacks->handle()
#54 /home/reasnovynt/Projects/gubukode/products/internship-system/vendor/laravel/framework/src/Illuminate/Pipeline/Pipeline.php(119): Illuminate\\Pipeline\\Pipeline->Illuminate\\Pipeline\\{closure}()
#55 /home/reasnovynt/Projects/gubukode/products/internship-system/vendor/laravel/framework/src/Illuminate/Foundation/Http/Kernel.php(176): Illuminate\\Pipeline\\Pipeline->then()
#56 /home/reasnovynt/Projects/gubukode/products/internship-system/vendor/laravel/framework/src/Illuminate/Foundation/Http/Kernel.php(145): Illuminate\\Foundation\\Http\\Kernel->sendRequestThroughRouter()
#57 /home/reasnovynt/Projects/gubukode/products/internship-system/vendor/laravel/framework/src/Illuminate/Foundation/Application.php(1188): Illuminate\\Foundation\\Http\\Kernel->handle()
#58 /home/reasnovynt/Projects/gubukode/products/internship-system/public/index.php(17): Illuminate\\Foundation\\Application->handleRequest()
#59 /home/reasnovynt/Projects/gubukode/products/internship-system/vendor/laravel/framework/src/Illuminate/Foundation/resources/server.php(23): require_once('...')
#60 {main}
"} 
[2024-11-08 14:47:57] local.ERROR: syntax error, unexpected token "]" (View: /home/reasnovynt/Projects/gubukode/products/internship-system/resources/views/components/card.blade.php) (View: /home/reasnovynt/Projects/gubukode/products/internship-system/resources/views/components/card.blade.php) {"userId":"7a10a37c-fc72-48a4-994c-154e5524fc5e","exception":"[object] (Illuminate\\View\\ViewException(code: 0): syntax error, unexpected token \"]\" (View: /home/reasnovynt/Projects/gubukode/products/internship-system/resources/views/components/card.blade.php) (View: /home/reasnovynt/Projects/gubukode/products/internship-system/resources/views/components/card.blade.php) at /home/reasnovynt/Projects/gubukode/products/internship-system/storage/framework/views/6048b9c668f462ee8516f31edb58188f.php:5)
[stacktrace]
#0 /home/reasnovynt/Projects/gubukode/products/internship-system/vendor/livewire/livewire/src/Mechanisms/ExtendBlade/ExtendedCompilerEngine.php(58): Illuminate\\View\\Engines\\CompilerEngine->handleViewException()
#1 /home/reasnovynt/Projects/gubukode/products/internship-system/vendor/livewire/livewire/src/Mechanisms/ExtendBlade/ExtendedCompilerEngine.php(40): Livewire\\Mechanisms\\ExtendBlade\\ExtendedCompilerEngine->handleViewException()
#2 /home/reasnovynt/Projects/gubukode/products/internship-system/vendor/laravel/framework/src/Illuminate/View/Engines/CompilerEngine.php(74): Livewire\\Mechanisms\\ExtendBlade\\ExtendedCompilerEngine->evaluatePath()
#3 /home/reasnovynt/Projects/gubukode/products/internship-system/vendor/livewire/livewire/src/Mechanisms/ExtendBlade/ExtendedCompilerEngine.php(16): Illuminate\\View\\Engines\\CompilerEngine->get()
#4 /home/reasnovynt/Projects/gubukode/products/internship-system/vendor/laravel/framework/src/Illuminate/View/View.php(208): Livewire\\Mechanisms\\ExtendBlade\\ExtendedCompilerEngine->get()
#5 /home/reasnovynt/Projects/gubukode/products/internship-system/vendor/laravel/framework/src/Illuminate/View/View.php(191): Illuminate\\View\\View->getContents()
#6 /home/reasnovynt/Projects/gubukode/products/internship-system/vendor/laravel/framework/src/Illuminate/View/View.php(160): Illuminate\\View\\View->renderContents()
#7 /home/reasnovynt/Projects/gubukode/products/internship-system/vendor/livewire/livewire/src/Mechanisms/HandleComponents/HandleComponents.php(241): Illuminate\\View\\View->render()
#8 /home/reasnovynt/Projects/gubukode/products/internship-system/vendor/livewire/livewire/src/Mechanisms/HandleComponents/HandleComponents.php(285): Livewire\\Mechanisms\\HandleComponents\\HandleComponents->Livewire\\Mechanisms\\HandleComponents\\{closure}()
#9 /home/reasnovynt/Projects/gubukode/products/internship-system/vendor/livewire/livewire/src/Mechanisms/HandleComponents/HandleComponents.php(233): Livewire\\Mechanisms\\HandleComponents\\HandleComponents->trackInRenderStack()
#10 /home/reasnovynt/Projects/gubukode/products/internship-system/vendor/livewire/livewire/src/Mechanisms/HandleComponents/HandleComponents.php(54): Livewire\\Mechanisms\\HandleComponents\\HandleComponents->render()
#11 /home/reasnovynt/Projects/gubukode/products/internship-system/vendor/livewire/livewire/src/LivewireManager.php(73): Livewire\\Mechanisms\\HandleComponents\\HandleComponents->mount()
#12 /home/reasnovynt/Projects/gubukode/products/internship-system/vendor/livewire/volt/src/LivewireManager.php(23): Livewire\\LivewireManager->mount()
#13 /home/reasnovynt/Projects/gubukode/products/internship-system/vendor/livewire/livewire/src/Features/SupportPageComponents/HandlesPageComponents.php(17): Livewire\\Volt\\LivewireManager->mount()
#14 /home/reasnovynt/Projects/gubukode/products/internship-system/vendor/livewire/livewire/src/Features/SupportPageComponents/SupportPageComponents.php(117): Livewire\\Component->Livewire\\Features\\SupportPageComponents\\{closure}()
#15 /home/reasnovynt/Projects/gubukode/products/internship-system/vendor/livewire/livewire/src/Features/SupportPageComponents/HandlesPageComponents.php(14): Livewire\\Features\\SupportPageComponents\\SupportPageComponents::interceptTheRenderOfTheComponentAndRetreiveTheLayoutConfiguration()
#16 /home/reasnovynt/Projects/gubukode/products/internship-system/vendor/laravel/framework/src/Illuminate/Container/BoundMethod.php(36): Livewire\\Component->__invoke()
#17 /home/reasnovynt/Projects/gubukode/products/internship-system/vendor/laravel/framework/src/Illuminate/Container/Util.php(43): Illuminate\\Container\\BoundMethod::Illuminate\\Container\\{closure}()
#18 /home/reasnovynt/Projects/gubukode/products/internship-system/vendor/laravel/framework/src/Illuminate/Container/BoundMethod.php(95): Illuminate\\Container\\Util::unwrapIfClosure()
#19 /home/reasnovynt/Projects/gubukode/products/internship-system/vendor/laravel/framework/src/Illuminate/Container/BoundMethod.php(35): Illuminate\\Container\\BoundMethod::callBoundMethod()
#20 /home/reasnovynt/Projects/gubukode/products/internship-system/vendor/laravel/framework/src/Illuminate/Container/Container.php(690): Illuminate\\Container\\BoundMethod::call()
#21 /home/reasnovynt/Projects/gubukode/products/internship-system/vendor/livewire/volt/src/VoltManager.php(38): Illuminate\\Container\\Container->call()
#22 /home/reasnovynt/Projects/gubukode/products/internship-system/vendor/laravel/framework/src/Illuminate/Routing/CallableDispatcher.php(40): Livewire\\Volt\\VoltManager->Livewire\\Volt\\{closure}()
#23 /home/reasnovynt/Projects/gubukode/products/internship-system/vendor/laravel/framework/src/Illuminate/Routing/Route.php(242): Illuminate\\Routing\\CallableDispatcher->dispatch()
#24 /home/reasnovynt/Projects/gubukode/products/internship-system/vendor/laravel/framework/src/Illuminate/Routing/Route.php(213): Illuminate\\Routing\\Route->runCallable()
#25 /home/reasnovynt/Projects/gubukode/products/internship-system/vendor/laravel/framework/src/Illuminate/Routing/Router.php(808): Illuminate\\Routing\\Route->run()
#26 /home/reasnovynt/Projects/gubukode/products/internship-system/vendor/laravel/framework/src/Illuminate/Pipeline/Pipeline.php(144): Illuminate\\Routing\\Router->Illuminate\\Routing\\{closure}()
#27 /home/reasnovynt/Projects/gubukode/products/internship-system/vendor/spatie/laravel-permission/src/Middleware/RoleMiddleware.php(39): Illuminate\\Pipeline\\Pipeline->Illuminate\\Pipeline\\{closure}()
#28 /home/reasnovynt/Projects/gubukode/products/internship-system/vendor/laravel/framework/src/Illuminate/Pipeline/Pipeline.php(183): Spatie\\Permission\\Middleware\\RoleMiddleware->handle()
#29 /home/reasnovynt/Projects/gubukode/products/internship-system/vendor/php-flasher/flasher-laravel/Middleware/FlasherMiddleware.php(21): Illuminate\\Pipeline\\Pipeline->Illuminate\\Pipeline\\{closure}()
#30 /home/reasnovynt/Projects/gubukode/products/internship-system/vendor/laravel/framework/src/Illuminate/Pipeline/Pipeline.php(183): Flasher\\Laravel\\Middleware\\FlasherMiddleware->handle()
#31 /home/reasnovynt/Projects/gubukode/products/internship-system/vendor/php-flasher/flasher-laravel/Middleware/SessionMiddleware.php(21): Illuminate\\Pipeline\\Pipeline->Illuminate\\Pipeline\\{closure}()
#32 /home/reasnovynt/Projects/gubukode/products/internship-system/vendor/laravel/framework/src/Illuminate/Pipeline/Pipeline.php(183): Flasher\\Laravel\\Middleware\\SessionMiddleware->handle()
#33 /home/reasnovynt/Projects/gubukode/products/internship-system/vendor/laravel/framework/src/Illuminate/Routing/Middleware/SubstituteBindings.php(51): Illuminate\\Pipeline\\Pipeline->Illuminate\\Pipeline\\{closure}()
#34 /home/reasnovynt/Projects/gubukode/products/internship-system/vendor/laravel/framework/src/Illuminate/Pipeline/Pipeline.php(183): Illuminate\\Routing\\Middleware\\SubstituteBindings->handle()
#35 /home/reasnovynt/Projects/gubukode/products/internship-system/vendor/laravel/framework/src/Illuminate/Auth/Middleware/Authenticate.php(64): Illuminate\\Pipeline\\Pipeline->Illuminate\\Pipeline\\{closure}()
#36 /home/reasnovynt/Projects/gubukode/products/internship-system/vendor/laravel/framework/src/Illuminate/Pipeline/Pipeline.php(183): Illuminate\\Auth\\Middleware\\Authenticate->handle()
#37 /home/reasnovynt/Projects/gubukode/products/internship-system/vendor/laravel/framework/src/Illuminate/Foundation/Http/Middleware/VerifyCsrfToken.php(88): Illuminate\\Pipeline\\Pipeline->Illuminate\\Pipeline\\{closure}()
#38 /home/reasnovynt/Projects/gubukode/products/internship-system/vendor/laravel/framework/src/Illuminate/Pipeline/Pipeline.php(183): Illuminate\\Foundation\\Http\\Middleware\\VerifyCsrfToken->handle()
#39 /home/reasnovynt/Projects/gubukode/products/internship-system/vendor/laravel/framework/src/Illuminate/View/Middleware/ShareErrorsFromSession.php(49): Illuminate\\Pipeline\\Pipeline->Illuminate\\Pipeline\\{closure}()
#40 /home/reasnovynt/Projects/gubukode/products/internship-system/vendor/laravel/framework/src/Illuminate/Pipeline/Pipeline.php(183): Illuminate\\View\\Middleware\\ShareErrorsFromSession->handle()
#41 /home/reasnovynt/Projects/gubukode/products/internship-system/vendor/laravel/framework/src/Illuminate/Session/Middleware/StartSession.php(121): Illuminate\\Pipeline\\Pipeline->Illuminate\\Pipeline\\{closure}()
#42 /home/reasnovynt/Projects/gubukode/products/internship-system/vendor/laravel/framework/src/Illuminate/Session/Middleware/StartSession.php(64): Illuminate\\Session\\Middleware\\StartSession->handleStatefulRequest()
#43 /home/reasnovynt/Projects/gubukode/products/internship-system/vendor/laravel/framework/src/Illuminate/Pipeline/Pipeline.php(183): Illuminate\\Session\\Middleware\\StartSession->handle()
#44 /home/reasnovynt/Projects/gubukode/products/internship-system/vendor/laravel/framework/src/Illuminate/Cookie/Middleware/AddQueuedCookiesToResponse.php(37): Illuminate\\Pipeline\\Pipeline->Illuminate\\Pipeline\\{closure}()
#45 /home/reasnovynt/Projects/gubukode/products/internship-system/vendor/laravel/framework/src/Illuminate/Pipeline/Pipeline.php(183): Illuminate\\Cookie\\Middleware\\AddQueuedCookiesToResponse->handle()
#46 /home/reasnovynt/Projects/gubukode/products/internship-system/vendor/laravel/framework/src/Illuminate/Cookie/Middleware/EncryptCookies.php(75): Illuminate\\Pipeline\\Pipeline->Illuminate\\Pipeline\\{closure}()
#47 /home/reasnovynt/Projects/gubukode/products/internship-system/vendor/laravel/framework/src/Illuminate/Pipeline/Pipeline.php(183): Illuminate\\Cookie\\Middleware\\EncryptCookies->handle()
#48 /home/reasnovynt/Projects/gubukode/products/internship-system/vendor/laravel/framework/src/Illuminate/Pipeline/Pipeline.php(119): Illuminate\\Pipeline\\Pipeline->Illuminate\\Pipeline\\{closure}()
#49 /home/reasnovynt/Projects/gubukode/products/internship-system/vendor/laravel/framework/src/Illuminate/Routing/Router.php(807): Illuminate\\Pipeline\\Pipeline->then()
#50 /home/reasnovynt/Projects/gubukode/products/internship-system/vendor/laravel/framework/src/Illuminate/Routing/Router.php(786): Illuminate\\Routing\\Router->runRouteWithinStack()
#51 /home/reasnovynt/Projects/gubukode/products/internship-system/vendor/laravel/framework/src/Illuminate/Routing/Router.php(750): Illuminate\\Routing\\Router->runRoute()
#52 /home/reasnovynt/Projects/gubukode/products/internship-system/vendor/laravel/framework/src/Illuminate/Routing/Router.php(739): Illuminate\\Routing\\Router->dispatchToRoute()
#53 /home/reasnovynt/Projects/gubukode/products/internship-system/vendor/laravel/framework/src/Illuminate/Foundation/Http/Kernel.php(201): Illuminate\\Routing\\Router->dispatch()
#54 /home/reasnovynt/Projects/gubukode/products/internship-system/vendor/laravel/framework/src/Illuminate/Pipeline/Pipeline.php(144): Illuminate\\Foundation\\Http\\Kernel->Illuminate\\Foundation\\Http\\{closure}()
#55 /home/reasnovynt/Projects/gubukode/products/internship-system/vendor/livewire/livewire/src/Features/SupportDisablingBackButtonCache/DisableBackButtonCacheMiddleware.php(19): Illuminate\\Pipeline\\Pipeline->Illuminate\\Pipeline\\{closure}()
#56 /home/reasnovynt/Projects/gubukode/products/internship-system/vendor/laravel/framework/src/Illuminate/Pipeline/Pipeline.php(183): Livewire\\Features\\SupportDisablingBackButtonCache\\DisableBackButtonCacheMiddleware->handle()
#57 /home/reasnovynt/Projects/gubukode/products/internship-system/vendor/laravel/framework/src/Illuminate/Foundation/Http/Middleware/TransformsRequest.php(21): Illuminate\\Pipeline\\Pipeline->Illuminate\\Pipeline\\{closure}()
#58 /home/reasnovynt/Projects/gubukode/products/internship-system/vendor/laravel/framework/src/Illuminate/Foundation/Http/Middleware/ConvertEmptyStringsToNull.php(31): Illuminate\\Foundation\\Http\\Middleware\\TransformsRequest->handle()
#59 /home/reasnovynt/Projects/gubukode/products/internship-system/vendor/laravel/framework/src/Illuminate/Pipeline/Pipeline.php(183): Illuminate\\Foundation\\Http\\Middleware\\ConvertEmptyStringsToNull->handle()
#60 /home/reasnovynt/Projects/gubukode/products/internship-system/vendor/laravel/framework/src/Illuminate/Foundation/Http/Middleware/TransformsRequest.php(21): Illuminate\\Pipeline\\Pipeline->Illuminate\\Pipeline\\{closure}()
#61 /home/reasnovynt/Projects/gubukode/products/internship-system/vendor/laravel/framework/src/Illuminate/Foundation/Http/Middleware/TrimStrings.php(51): Illuminate\\Foundation\\Http\\Middleware\\TransformsRequest->handle()
#62 /home/reasnovynt/Projects/gubukode/products/internship-system/vendor/laravel/framework/src/Illuminate/Pipeline/Pipeline.php(183): Illuminate\\Foundation\\Http\\Middleware\\TrimStrings->handle()
#63 /home/reasnovynt/Projects/gubukode/products/internship-system/vendor/laravel/framework/src/Illuminate/Http/Middleware/ValidatePostSize.php(27): Illuminate\\Pipeline\\Pipeline->Illuminate\\Pipeline\\{closure}()
#64 /home/reasnovynt/Projects/gubukode/products/internship-system/vendor/laravel/framework/src/Illuminate/Pipeline/Pipeline.php(183): Illuminate\\Http\\Middleware\\ValidatePostSize->handle()
#65 /home/reasnovynt/Projects/gubukode/products/internship-system/vendor/laravel/framework/src/Illuminate/Foundation/Http/Middleware/PreventRequestsDuringMaintenance.php(110): Illuminate\\Pipeline\\Pipeline->Illuminate\\Pipeline\\{closure}()
#66 /home/reasnovynt/Projects/gubukode/products/internship-system/vendor/laravel/framework/src/Illuminate/Pipeline/Pipeline.php(183): Illuminate\\Foundation\\Http\\Middleware\\PreventRequestsDuringMaintenance->handle()
#67 /home/reasnovynt/Projects/gubukode/products/internship-system/vendor/laravel/framework/src/Illuminate/Http/Middleware/HandleCors.php(49): Illuminate\\Pipeline\\Pipeline->Illuminate\\Pipeline\\{closure}()
#68 /home/reasnovynt/Projects/gubukode/products/internship-system/vendor/laravel/framework/src/Illuminate/Pipeline/Pipeline.php(183): Illuminate\\Http\\Middleware\\HandleCors->handle()
#69 /home/reasnovynt/Projects/gubukode/products/internship-system/vendor/laravel/framework/src/Illuminate/Http/Middleware/TrustProxies.php(58): Illuminate\\Pipeline\\Pipeline->Illuminate\\Pipeline\\{closure}()
#70 /home/reasnovynt/Projects/gubukode/products/internship-system/vendor/laravel/framework/src/Illuminate/Pipeline/Pipeline.php(183): Illuminate\\Http\\Middleware\\TrustProxies->handle()
#71 /home/reasnovynt/Projects/gubukode/products/internship-system/vendor/laravel/framework/src/Illuminate/Foundation/Http/Middleware/InvokeDeferredCallbacks.php(22): Illuminate\\Pipeline\\Pipeline->Illuminate\\Pipeline\\{closure}()
#72 /home/reasnovynt/Projects/gubukode/products/internship-system/vendor/laravel/framework/src/Illuminate/Pipeline/Pipeline.php(183): Illuminate\\Foundation\\Http\\Middleware\\InvokeDeferredCallbacks->handle()
#73 /home/reasnovynt/Projects/gubukode/products/internship-system/vendor/laravel/framework/src/Illuminate/Pipeline/Pipeline.php(119): Illuminate\\Pipeline\\Pipeline->Illuminate\\Pipeline\\{closure}()
#74 /home/reasnovynt/Projects/gubukode/products/internship-system/vendor/laravel/framework/src/Illuminate/Foundation/Http/Kernel.php(176): Illuminate\\Pipeline\\Pipeline->then()
#75 /home/reasnovynt/Projects/gubukode/products/internship-system/vendor/laravel/framework/src/Illuminate/Foundation/Http/Kernel.php(145): Illuminate\\Foundation\\Http\\Kernel->sendRequestThroughRouter()
#76 /home/reasnovynt/Projects/gubukode/products/internship-system/vendor/laravel/framework/src/Illuminate/Foundation/Application.php(1188): Illuminate\\Foundation\\Http\\Kernel->handle()
#77 /home/reasnovynt/Projects/gubukode/products/internship-system/public/index.php(17): Illuminate\\Foundation\\Application->handleRequest()
#78 /home/reasnovynt/Projects/gubukode/products/internship-system/vendor/laravel/framework/src/Illuminate/Foundation/resources/server.php(23): require_once('...')
#79 {main}

[previous exception] [object] (Illuminate\\View\\ViewException(code: 0): syntax error, unexpected token \"]\" (View: /home/reasnovynt/Projects/gubukode/products/internship-system/resources/views/components/card.blade.php) at /home/reasnovynt/Projects/gubukode/products/internship-system/storage/framework/views/6048b9c668f462ee8516f31edb58188f.php:5)
[stacktrace]
#0 /home/reasnovynt/Projects/gubukode/products/internship-system/vendor/livewire/livewire/src/Mechanisms/ExtendBlade/ExtendedCompilerEngine.php(58): Illuminate\\View\\Engines\\CompilerEngine->handleViewException()
#1 /home/reasnovynt/Projects/gubukode/products/internship-system/vendor/livewire/livewire/src/Mechanisms/ExtendBlade/ExtendedCompilerEngine.php(40): Livewire\\Mechanisms\\ExtendBlade\\ExtendedCompilerEngine->handleViewException()
#2 /home/reasnovynt/Projects/gubukode/products/internship-system/vendor/laravel/framework/src/Illuminate/View/Engines/CompilerEngine.php(74): Livewire\\Mechanisms\\ExtendBlade\\ExtendedCompilerEngine->evaluatePath()
#3 /home/reasnovynt/Projects/gubukode/products/internship-system/vendor/livewire/livewire/src/Mechanisms/ExtendBlade/ExtendedCompilerEngine.php(16): Illuminate\\View\\Engines\\CompilerEngine->get()
#4 /home/reasnovynt/Projects/gubukode/products/internship-system/vendor/laravel/framework/src/Illuminate/View/View.php(208): Livewire\\Mechanisms\\ExtendBlade\\ExtendedCompilerEngine->get()
#5 /home/reasnovynt/Projects/gubukode/products/internship-system/vendor/laravel/framework/src/Illuminate/View/View.php(191): Illuminate\\View\\View->getContents()
#6 /home/reasnovynt/Projects/gubukode/products/internship-system/vendor/laravel/framework/src/Illuminate/View/View.php(160): Illuminate\\View\\View->renderContents()
#7 /home/reasnovynt/Projects/gubukode/products/internship-system/vendor/laravel/framework/src/Illuminate/View/Concerns/ManagesComponents.php(103): Illuminate\\View\\View->render()
#8 /home/reasnovynt/Projects/gubukode/products/internship-system/storage/framework/views/e8b10fd0fd11ea3e452f0dd74d523693.php(48): Illuminate\\View\\Factory->renderComponent()
#9 /home/reasnovynt/Projects/gubukode/products/internship-system/vendor/livewire/livewire/src/Mechanisms/ExtendBlade/ExtendedCompilerEngine.php(37): include('...')
#10 /home/reasnovynt/Projects/gubukode/products/internship-system/vendor/livewire/livewire/src/Mechanisms/ExtendBlade/ExtendedCompilerEngine.php(38): Livewire\\Volt\\Component@anonymous->Livewire\\Mechanisms\\ExtendBlade\\{closure}()
#11 /home/reasnovynt/Projects/gubukode/products/internship-system/vendor/laravel/framework/src/Illuminate/View/Engines/CompilerEngine.php(74): Livewire\\Mechanisms\\ExtendBlade\\ExtendedCompilerEngine->evaluatePath()
#12 /home/reasnovynt/Projects/gubukode/products/internship-system/vendor/livewire/livewire/src/Mechanisms/ExtendBlade/ExtendedCompilerEngine.php(16): Illuminate\\View\\Engines\\CompilerEngine->get()
#13 /home/reasnovynt/Projects/gubukode/products/internship-system/vendor/laravel/framework/src/Illuminate/View/View.php(208): Livewire\\Mechanisms\\ExtendBlade\\ExtendedCompilerEngine->get()
#14 /home/reasnovynt/Projects/gubukode/products/internship-system/vendor/laravel/framework/src/Illuminate/View/View.php(191): Illuminate\\View\\View->getContents()
#15 /home/reasnovynt/Projects/gubukode/products/internship-system/vendor/laravel/framework/src/Illuminate/View/View.php(160): Illuminate\\View\\View->renderContents()
#16 /home/reasnovynt/Projects/gubukode/products/internship-system/vendor/livewire/livewire/src/Mechanisms/HandleComponents/HandleComponents.php(241): Illuminate\\View\\View->render()
#17 /home/reasnovynt/Projects/gubukode/products/internship-system/vendor/livewire/livewire/src/Mechanisms/HandleComponents/HandleComponents.php(285): Livewire\\Mechanisms\\HandleComponents\\HandleComponents->Livewire\\Mechanisms\\HandleComponents\\{closure}()
#18 /home/reasnovynt/Projects/gubukode/products/internship-system/vendor/livewire/livewire/src/Mechanisms/HandleComponents/HandleComponents.php(233): Livewire\\Mechanisms\\HandleComponents\\HandleComponents->trackInRenderStack()
#19 /home/reasnovynt/Projects/gubukode/products/internship-system/vendor/livewire/livewire/src/Mechanisms/HandleComponents/HandleComponents.php(54): Livewire\\Mechanisms\\HandleComponents\\HandleComponents->render()
#20 /home/reasnovynt/Projects/gubukode/products/internship-system/vendor/livewire/livewire/src/LivewireManager.php(73): Livewire\\Mechanisms\\HandleComponents\\HandleComponents->mount()
#21 /home/reasnovynt/Projects/gubukode/products/internship-system/vendor/livewire/volt/src/LivewireManager.php(23): Livewire\\LivewireManager->mount()
#22 /home/reasnovynt/Projects/gubukode/products/internship-system/vendor/livewire/livewire/src/Features/SupportPageComponents/HandlesPageComponents.php(17): Livewire\\Volt\\LivewireManager->mount()
#23 /home/reasnovynt/Projects/gubukode/products/internship-system/vendor/livewire/livewire/src/Features/SupportPageComponents/SupportPageComponents.php(117): Livewire\\Component->Livewire\\Features\\SupportPageComponents\\{closure}()
#24 /home/reasnovynt/Projects/gubukode/products/internship-system/vendor/livewire/livewire/src/Features/SupportPageComponents/HandlesPageComponents.php(14): Livewire\\Features\\SupportPageComponents\\SupportPageComponents::interceptTheRenderOfTheComponentAndRetreiveTheLayoutConfiguration()
#25 /home/reasnovynt/Projects/gubukode/products/internship-system/vendor/laravel/framework/src/Illuminate/Container/BoundMethod.php(36): Livewire\\Component->__invoke()
#26 /home/reasnovynt/Projects/gubukode/products/internship-system/vendor/laravel/framework/src/Illuminate/Container/Util.php(43): Illuminate\\Container\\BoundMethod::Illuminate\\Container\\{closure}()
#27 /home/reasnovynt/Projects/gubukode/products/internship-system/vendor/laravel/framework/src/Illuminate/Container/BoundMethod.php(95): Illuminate\\Container\\Util::unwrapIfClosure()
#28 /home/reasnovynt/Projects/gubukode/products/internship-system/vendor/laravel/framework/src/Illuminate/Container/BoundMethod.php(35): Illuminate\\Container\\BoundMethod::callBoundMethod()
#29 /home/reasnovynt/Projects/gubukode/products/internship-system/vendor/laravel/framework/src/Illuminate/Container/Container.php(690): Illuminate\\Container\\BoundMethod::call()
#30 /home/reasnovynt/Projects/gubukode/products/internship-system/vendor/livewire/volt/src/VoltManager.php(38): Illuminate\\Container\\Container->call()
#31 /home/reasnovynt/Projects/gubukode/products/internship-system/vendor/laravel/framework/src/Illuminate/Routing/CallableDispatcher.php(40): Livewire\\Volt\\VoltManager->Livewire\\Volt\\{closure}()
#32 /home/reasnovynt/Projects/gubukode/products/internship-system/vendor/laravel/framework/src/Illuminate/Routing/Route.php(242): Illuminate\\Routing\\CallableDispatcher->dispatch()
#33 /home/reasnovynt/Projects/gubukode/products/internship-system/vendor/laravel/framework/src/Illuminate/Routing/Route.php(213): Illuminate\\Routing\\Route->runCallable()
#34 /home/reasnovynt/Projects/gubukode/products/internship-system/vendor/laravel/framework/src/Illuminate/Routing/Router.php(808): Illuminate\\Routing\\Route->run()
#35 /home/reasnovynt/Projects/gubukode/products/internship-system/vendor/laravel/framework/src/Illuminate/Pipeline/Pipeline.php(144): Illuminate\\Routing\\Router->Illuminate\\Routing\\{closure}()
#36 /home/reasnovynt/Projects/gubukode/products/internship-system/vendor/spatie/laravel-permission/src/Middleware/RoleMiddleware.php(39): Illuminate\\Pipeline\\Pipeline->Illuminate\\Pipeline\\{closure}()
#37 /home/reasnovynt/Projects/gubukode/products/internship-system/vendor/laravel/framework/src/Illuminate/Pipeline/Pipeline.php(183): Spatie\\Permission\\Middleware\\RoleMiddleware->handle()
#38 /home/reasnovynt/Projects/gubukode/products/internship-system/vendor/php-flasher/flasher-laravel/Middleware/FlasherMiddleware.php(21): Illuminate\\Pipeline\\Pipeline->Illuminate\\Pipeline\\{closure}()
#39 /home/reasnovynt/Projects/gubukode/products/internship-system/vendor/laravel/framework/src/Illuminate/Pipeline/Pipeline.php(183): Flasher\\Laravel\\Middleware\\FlasherMiddleware->handle()
#40 /home/reasnovynt/Projects/gubukode/products/internship-system/vendor/php-flasher/flasher-laravel/Middleware/SessionMiddleware.php(21): Illuminate\\Pipeline\\Pipeline->Illuminate\\Pipeline\\{closure}()
#41 /home/reasnovynt/Projects/gubukode/products/internship-system/vendor/laravel/framework/src/Illuminate/Pipeline/Pipeline.php(183): Flasher\\Laravel\\Middleware\\SessionMiddleware->handle()
#42 /home/reasnovynt/Projects/gubukode/products/internship-system/vendor/laravel/framework/src/Illuminate/Routing/Middleware/SubstituteBindings.php(51): Illuminate\\Pipeline\\Pipeline->Illuminate\\Pipeline\\{closure}()
#43 /home/reasnovynt/Projects/gubukode/products/internship-system/vendor/laravel/framework/src/Illuminate/Pipeline/Pipeline.php(183): Illuminate\\Routing\\Middleware\\SubstituteBindings->handle()
#44 /home/reasnovynt/Projects/gubukode/products/internship-system/vendor/laravel/framework/src/Illuminate/Auth/Middleware/Authenticate.php(64): Illuminate\\Pipeline\\Pipeline->Illuminate\\Pipeline\\{closure}()
#45 /home/reasnovynt/Projects/gubukode/products/internship-system/vendor/laravel/framework/src/Illuminate/Pipeline/Pipeline.php(183): Illuminate\\Auth\\Middleware\\Authenticate->handle()
#46 /home/reasnovynt/Projects/gubukode/products/internship-system/vendor/laravel/framework/src/Illuminate/Foundation/Http/Middleware/VerifyCsrfToken.php(88): Illuminate\\Pipeline\\Pipeline->Illuminate\\Pipeline\\{closure}()
#47 /home/reasnovynt/Projects/gubukode/products/internship-system/vendor/laravel/framework/src/Illuminate/Pipeline/Pipeline.php(183): Illuminate\\Foundation\\Http\\Middleware\\VerifyCsrfToken->handle()
#48 /home/reasnovynt/Projects/gubukode/products/internship-system/vendor/laravel/framework/src/Illuminate/View/Middleware/ShareErrorsFromSession.php(49): Illuminate\\Pipeline\\Pipeline->Illuminate\\Pipeline\\{closure}()
#49 /home/reasnovynt/Projects/gubukode/products/internship-system/vendor/laravel/framework/src/Illuminate/Pipeline/Pipeline.php(183): Illuminate\\View\\Middleware\\ShareErrorsFromSession->handle()
#50 /home/reasnovynt/Projects/gubukode/products/internship-system/vendor/laravel/framework/src/Illuminate/Session/Middleware/StartSession.php(121): Illuminate\\Pipeline\\Pipeline->Illuminate\\Pipeline\\{closure}()
#51 /home/reasnovynt/Projects/gubukode/products/internship-system/vendor/laravel/framework/src/Illuminate/Session/Middleware/StartSession.php(64): Illuminate\\Session\\Middleware\\StartSession->handleStatefulRequest()
#52 /home/reasnovynt/Projects/gubukode/products/internship-system/vendor/laravel/framework/src/Illuminate/Pipeline/Pipeline.php(183): Illuminate\\Session\\Middleware\\StartSession->handle()
#53 /home/reasnovynt/Projects/gubukode/products/internship-system/vendor/laravel/framework/src/Illuminate/Cookie/Middleware/AddQueuedCookiesToResponse.php(37): Illuminate\\Pipeline\\Pipeline->Illuminate\\Pipeline\\{closure}()
#54 /home/reasnovynt/Projects/gubukode/products/internship-system/vendor/laravel/framework/src/Illuminate/Pipeline/Pipeline.php(183): Illuminate\\Cookie\\Middleware\\AddQueuedCookiesToResponse->handle()
#55 /home/reasnovynt/Projects/gubukode/products/internship-system/vendor/laravel/framework/src/Illuminate/Cookie/Middleware/EncryptCookies.php(75): Illuminate\\Pipeline\\Pipeline->Illuminate\\Pipeline\\{closure}()
#56 /home/reasnovynt/Projects/gubukode/products/internship-system/vendor/laravel/framework/src/Illuminate/Pipeline/Pipeline.php(183): Illuminate\\Cookie\\Middleware\\EncryptCookies->handle()
#57 /home/reasnovynt/Projects/gubukode/products/internship-system/vendor/laravel/framework/src/Illuminate/Pipeline/Pipeline.php(119): Illuminate\\Pipeline\\Pipeline->Illuminate\\Pipeline\\{closure}()
#58 /home/reasnovynt/Projects/gubukode/products/internship-system/vendor/laravel/framework/src/Illuminate/Routing/Router.php(807): Illuminate\\Pipeline\\Pipeline->then()
#59 /home/reasnovynt/Projects/gubukode/products/internship-system/vendor/laravel/framework/src/Illuminate/Routing/Router.php(786): Illuminate\\Routing\\Router->runRouteWithinStack()
#60 /home/reasnovynt/Projects/gubukode/products/internship-system/vendor/laravel/framework/src/Illuminate/Routing/Router.php(750): Illuminate\\Routing\\Router->runRoute()
#61 /home/reasnovynt/Projects/gubukode/products/internship-system/vendor/laravel/framework/src/Illuminate/Routing/Router.php(739): Illuminate\\Routing\\Router->dispatchToRoute()
#62 /home/reasnovynt/Projects/gubukode/products/internship-system/vendor/laravel/framework/src/Illuminate/Foundation/Http/Kernel.php(201): Illuminate\\Routing\\Router->dispatch()
#63 /home/reasnovynt/Projects/gubukode/products/internship-system/vendor/laravel/framework/src/Illuminate/Pipeline/Pipeline.php(144): Illuminate\\Foundation\\Http\\Kernel->Illuminate\\Foundation\\Http\\{closure}()
#64 /home/reasnovynt/Projects/gubukode/products/internship-system/vendor/livewire/livewire/src/Features/SupportDisablingBackButtonCache/DisableBackButtonCacheMiddleware.php(19): Illuminate\\Pipeline\\Pipeline->Illuminate\\Pipeline\\{closure}()
#65 /home/reasnovynt/Projects/gubukode/products/internship-system/vendor/laravel/framework/src/Illuminate/Pipeline/Pipeline.php(183): Livewire\\Features\\SupportDisablingBackButtonCache\\DisableBackButtonCacheMiddleware->handle()
#66 /home/reasnovynt/Projects/gubukode/products/internship-system/vendor/laravel/framework/src/Illuminate/Foundation/Http/Middleware/TransformsRequest.php(21): Illuminate\\Pipeline\\Pipeline->Illuminate\\Pipeline\\{closure}()
#67 /home/reasnovynt/Projects/gubukode/products/internship-system/vendor/laravel/framework/src/Illuminate/Foundation/Http/Middleware/ConvertEmptyStringsToNull.php(31): Illuminate\\Foundation\\Http\\Middleware\\TransformsRequest->handle()
#68 /home/reasnovynt/Projects/gubukode/products/internship-system/vendor/laravel/framework/src/Illuminate/Pipeline/Pipeline.php(183): Illuminate\\Foundation\\Http\\Middleware\\ConvertEmptyStringsToNull->handle()
#69 /home/reasnovynt/Projects/gubukode/products/internship-system/vendor/laravel/framework/src/Illuminate/Foundation/Http/Middleware/TransformsRequest.php(21): Illuminate\\Pipeline\\Pipeline->Illuminate\\Pipeline\\{closure}()
#70 /home/reasnovynt/Projects/gubukode/products/internship-system/vendor/laravel/framework/src/Illuminate/Foundation/Http/Middleware/TrimStrings.php(51): Illuminate\\Foundation\\Http\\Middleware\\TransformsRequest->handle()
#71 /home/reasnovynt/Projects/gubukode/products/internship-system/vendor/laravel/framework/src/Illuminate/Pipeline/Pipeline.php(183): Illuminate\\Foundation\\Http\\Middleware\\TrimStrings->handle()
#72 /home/reasnovynt/Projects/gubukode/products/internship-system/vendor/laravel/framework/src/Illuminate/Http/Middleware/ValidatePostSize.php(27): Illuminate\\Pipeline\\Pipeline->Illuminate\\Pipeline\\{closure}()
#73 /home/reasnovynt/Projects/gubukode/products/internship-system/vendor/laravel/framework/src/Illuminate/Pipeline/Pipeline.php(183): Illuminate\\Http\\Middleware\\ValidatePostSize->handle()
#74 /home/reasnovynt/Projects/gubukode/products/internship-system/vendor/laravel/framework/src/Illuminate/Foundation/Http/Middleware/PreventRequestsDuringMaintenance.php(110): Illuminate\\Pipeline\\Pipeline->Illuminate\\Pipeline\\{closure}()
#75 /home/reasnovynt/Projects/gubukode/products/internship-system/vendor/laravel/framework/src/Illuminate/Pipeline/Pipeline.php(183): Illuminate\\Foundation\\Http\\Middleware\\PreventRequestsDuringMaintenance->handle()
#76 /home/reasnovynt/Projects/gubukode/products/internship-system/vendor/laravel/framework/src/Illuminate/Http/Middleware/HandleCors.php(49): Illuminate\\Pipeline\\Pipeline->Illuminate\\Pipeline\\{closure}()
#77 /home/reasnovynt/Projects/gubukode/products/internship-system/vendor/laravel/framework/src/Illuminate/Pipeline/Pipeline.php(183): Illuminate\\Http\\Middleware\\HandleCors->handle()
#78 /home/reasnovynt/Projects/gubukode/products/internship-system/vendor/laravel/framework/src/Illuminate/Http/Middleware/TrustProxies.php(58): Illuminate\\Pipeline\\Pipeline->Illuminate\\Pipeline\\{closure}()
#79 /home/reasnovynt/Projects/gubukode/products/internship-system/vendor/laravel/framework/src/Illuminate/Pipeline/Pipeline.php(183): Illuminate\\Http\\Middleware\\TrustProxies->handle()
#80 /home/reasnovynt/Projects/gubukode/products/internship-system/vendor/laravel/framework/src/Illuminate/Foundation/Http/Middleware/InvokeDeferredCallbacks.php(22): Illuminate\\Pipeline\\Pipeline->Illuminate\\Pipeline\\{closure}()
#81 /home/reasnovynt/Projects/gubukode/products/internship-system/vendor/laravel/framework/src/Illuminate/Pipeline/Pipeline.php(183): Illuminate\\Foundation\\Http\\Middleware\\InvokeDeferredCallbacks->handle()
#82 /home/reasnovynt/Projects/gubukode/products/internship-system/vendor/laravel/framework/src/Illuminate/Pipeline/Pipeline.php(119): Illuminate\\Pipeline\\Pipeline->Illuminate\\Pipeline\\{closure}()
#83 /home/reasnovynt/Projects/gubukode/products/internship-system/vendor/laravel/framework/src/Illuminate/Foundation/Http/Kernel.php(176): Illuminate\\Pipeline\\Pipeline->then()
#84 /home/reasnovynt/Projects/gubukode/products/internship-system/vendor/laravel/framework/src/Illuminate/Foundation/Http/Kernel.php(145): Illuminate\\Foundation\\Http\\Kernel->sendRequestThroughRouter()
#85 /home/reasnovynt/Projects/gubukode/products/internship-system/vendor/laravel/framework/src/Illuminate/Foundation/Application.php(1188): Illuminate\\Foundation\\Http\\Kernel->handle()
#86 /home/reasnovynt/Projects/gubukode/products/internship-system/public/index.php(17): Illuminate\\Foundation\\Application->handleRequest()
#87 /home/reasnovynt/Projects/gubukode/products/internship-system/vendor/laravel/framework/src/Illuminate/Foundation/resources/server.php(23): require_once('...')
#88 {main}

[previous exception] [object] (ParseError(code: 0): syntax error, unexpected token \"]\" at /home/reasnovynt/Projects/gubukode/products/internship-system/storage/framework/views/6048b9c668f462ee8516f31edb58188f.php:5)
[stacktrace]
#0 /home/reasnovynt/Projects/gubukode/products/internship-system/vendor/livewire/livewire/src/Mechanisms/ExtendBlade/ExtendedCompilerEngine.php(38): Livewire\\Volt\\Component@anonymous->Livewire\\Mechanisms\\ExtendBlade\\{closure}()
#1 /home/reasnovynt/Projects/gubukode/products/internship-system/vendor/laravel/framework/src/Illuminate/View/Engines/CompilerEngine.php(74): Livewire\\Mechanisms\\ExtendBlade\\ExtendedCompilerEngine->evaluatePath()
#2 /home/reasnovynt/Projects/gubukode/products/internship-system/vendor/livewire/livewire/src/Mechanisms/ExtendBlade/ExtendedCompilerEngine.php(16): Illuminate\\View\\Engines\\CompilerEngine->get()
#3 /home/reasnovynt/Projects/gubukode/products/internship-system/vendor/laravel/framework/src/Illuminate/View/View.php(208): Livewire\\Mechanisms\\ExtendBlade\\ExtendedCompilerEngine->get()
#4 /home/reasnovynt/Projects/gubukode/products/internship-system/vendor/laravel/framework/src/Illuminate/View/View.php(191): Illuminate\\View\\View->getContents()
#5 /home/reasnovynt/Projects/gubukode/products/internship-system/vendor/laravel/framework/src/Illuminate/View/View.php(160): Illuminate\\View\\View->renderContents()
#6 /home/reasnovynt/Projects/gubukode/products/internship-system/vendor/laravel/framework/src/Illuminate/View/Concerns/ManagesComponents.php(103): Illuminate\\View\\View->render()
#7 /home/reasnovynt/Projects/gubukode/products/internship-system/storage/framework/views/e8b10fd0fd11ea3e452f0dd74d523693.php(48): Illuminate\\View\\Factory->renderComponent()
#8 /home/reasnovynt/Projects/gubukode/products/internship-system/vendor/livewire/livewire/src/Mechanisms/ExtendBlade/ExtendedCompilerEngine.php(37): include('...')
#9 /home/reasnovynt/Projects/gubukode/products/internship-system/vendor/livewire/livewire/src/Mechanisms/ExtendBlade/ExtendedCompilerEngine.php(38): Livewire\\Volt\\Component@anonymous->Livewire\\Mechanisms\\ExtendBlade\\{closure}()
#10 /home/reasnovynt/Projects/gubukode/products/internship-system/vendor/laravel/framework/src/Illuminate/View/Engines/CompilerEngine.php(74): Livewire\\Mechanisms\\ExtendBlade\\ExtendedCompilerEngine->evaluatePath()
#11 /home/reasnovynt/Projects/gubukode/products/internship-system/vendor/livewire/livewire/src/Mechanisms/ExtendBlade/ExtendedCompilerEngine.php(16): Illuminate\\View\\Engines\\CompilerEngine->get()
#12 /home/reasnovynt/Projects/gubukode/products/internship-system/vendor/laravel/framework/src/Illuminate/View/View.php(208): Livewire\\Mechanisms\\ExtendBlade\\ExtendedCompilerEngine->get()
#13 /home/reasnovynt/Projects/gubukode/products/internship-system/vendor/laravel/framework/src/Illuminate/View/View.php(191): Illuminate\\View\\View->getContents()
#14 /home/reasnovynt/Projects/gubukode/products/internship-system/vendor/laravel/framework/src/Illuminate/View/View.php(160): Illuminate\\View\\View->renderContents()
#15 /home/reasnovynt/Projects/gubukode/products/internship-system/vendor/livewire/livewire/src/Mechanisms/HandleComponents/HandleComponents.php(241): Illuminate\\View\\View->render()
#16 /home/reasnovynt/Projects/gubukode/products/internship-system/vendor/livewire/livewire/src/Mechanisms/HandleComponents/HandleComponents.php(285): Livewire\\Mechanisms\\HandleComponents\\HandleComponents->Livewire\\Mechanisms\\HandleComponents\\{closure}()
#17 /home/reasnovynt/Projects/gubukode/products/internship-system/vendor/livewire/livewire/src/Mechanisms/HandleComponents/HandleComponents.php(233): Livewire\\Mechanisms\\HandleComponents\\HandleComponents->trackInRenderStack()
#18 /home/reasnovynt/Projects/gubukode/products/internship-system/vendor/livewire/livewire/src/Mechanisms/HandleComponents/HandleComponents.php(54): Livewire\\Mechanisms\\HandleComponents\\HandleComponents->render()
#19 /home/reasnovynt/Projects/gubukode/products/internship-system/vendor/livewire/livewire/src/LivewireManager.php(73): Livewire\\Mechanisms\\HandleComponents\\HandleComponents->mount()
#20 /home/reasnovynt/Projects/gubukode/products/internship-system/vendor/livewire/volt/src/LivewireManager.php(23): Livewire\\LivewireManager->mount()
#21 /home/reasnovynt/Projects/gubukode/products/internship-system/vendor/livewire/livewire/src/Features/SupportPageComponents/HandlesPageComponents.php(17): Livewire\\Volt\\LivewireManager->mount()
#22 /home/reasnovynt/Projects/gubukode/products/internship-system/vendor/livewire/livewire/src/Features/SupportPageComponents/SupportPageComponents.php(117): Livewire\\Component->Livewire\\Features\\SupportPageComponents\\{closure}()
#23 /home/reasnovynt/Projects/gubukode/products/internship-system/vendor/livewire/livewire/src/Features/SupportPageComponents/HandlesPageComponents.php(14): Livewire\\Features\\SupportPageComponents\\SupportPageComponents::interceptTheRenderOfTheComponentAndRetreiveTheLayoutConfiguration()
#24 /home/reasnovynt/Projects/gubukode/products/internship-system/vendor/laravel/framework/src/Illuminate/Container/BoundMethod.php(36): Livewire\\Component->__invoke()
#25 /home/reasnovynt/Projects/gubukode/products/internship-system/vendor/laravel/framework/src/Illuminate/Container/Util.php(43): Illuminate\\Container\\BoundMethod::Illuminate\\Container\\{closure}()
#26 /home/reasnovynt/Projects/gubukode/products/internship-system/vendor/laravel/framework/src/Illuminate/Container/BoundMethod.php(95): Illuminate\\Container\\Util::unwrapIfClosure()
#27 /home/reasnovynt/Projects/gubukode/products/internship-system/vendor/laravel/framework/src/Illuminate/Container/BoundMethod.php(35): Illuminate\\Container\\BoundMethod::callBoundMethod()
#28 /home/reasnovynt/Projects/gubukode/products/internship-system/vendor/laravel/framework/src/Illuminate/Container/Container.php(690): Illuminate\\Container\\BoundMethod::call()
#29 /home/reasnovynt/Projects/gubukode/products/internship-system/vendor/livewire/volt/src/VoltManager.php(38): Illuminate\\Container\\Container->call()
#30 /home/reasnovynt/Projects/gubukode/products/internship-system/vendor/laravel/framework/src/Illuminate/Routing/CallableDispatcher.php(40): Livewire\\Volt\\VoltManager->Livewire\\Volt\\{closure}()
#31 /home/reasnovynt/Projects/gubukode/products/internship-system/vendor/laravel/framework/src/Illuminate/Routing/Route.php(242): Illuminate\\Routing\\CallableDispatcher->dispatch()
#32 /home/reasnovynt/Projects/gubukode/products/internship-system/vendor/laravel/framework/src/Illuminate/Routing/Route.php(213): Illuminate\\Routing\\Route->runCallable()
#33 /home/reasnovynt/Projects/gubukode/products/internship-system/vendor/laravel/framework/src/Illuminate/Routing/Router.php(808): Illuminate\\Routing\\Route->run()
#34 /home/reasnovynt/Projects/gubukode/products/internship-system/vendor/laravel/framework/src/Illuminate/Pipeline/Pipeline.php(144): Illuminate\\Routing\\Router->Illuminate\\Routing\\{closure}()
#35 /home/reasnovynt/Projects/gubukode/products/internship-system/vendor/spatie/laravel-permission/src/Middleware/RoleMiddleware.php(39): Illuminate\\Pipeline\\Pipeline->Illuminate\\Pipeline\\{closure}()
#36 /home/reasnovynt/Projects/gubukode/products/internship-system/vendor/laravel/framework/src/Illuminate/Pipeline/Pipeline.php(183): Spatie\\Permission\\Middleware\\RoleMiddleware->handle()
#37 /home/reasnovynt/Projects/gubukode/products/internship-system/vendor/php-flasher/flasher-laravel/Middleware/FlasherMiddleware.php(21): Illuminate\\Pipeline\\Pipeline->Illuminate\\Pipeline\\{closure}()
#38 /home/reasnovynt/Projects/gubukode/products/internship-system/vendor/laravel/framework/src/Illuminate/Pipeline/Pipeline.php(183): Flasher\\Laravel\\Middleware\\FlasherMiddleware->handle()
#39 /home/reasnovynt/Projects/gubukode/products/internship-system/vendor/php-flasher/flasher-laravel/Middleware/SessionMiddleware.php(21): Illuminate\\Pipeline\\Pipeline->Illuminate\\Pipeline\\{closure}()
#40 /home/reasnovynt/Projects/gubukode/products/internship-system/vendor/laravel/framework/src/Illuminate/Pipeline/Pipeline.php(183): Flasher\\Laravel\\Middleware\\SessionMiddleware->handle()
#41 /home/reasnovynt/Projects/gubukode/products/internship-system/vendor/laravel/framework/src/Illuminate/Routing/Middleware/SubstituteBindings.php(51): Illuminate\\Pipeline\\Pipeline->Illuminate\\Pipeline\\{closure}()
#42 /home/reasnovynt/Projects/gubukode/products/internship-system/vendor/laravel/framework/src/Illuminate/Pipeline/Pipeline.php(183): Illuminate\\Routing\\Middleware\\SubstituteBindings->handle()
#43 /home/reasnovynt/Projects/gubukode/products/internship-system/vendor/laravel/framework/src/Illuminate/Auth/Middleware/Authenticate.php(64): Illuminate\\Pipeline\\Pipeline->Illuminate\\Pipeline\\{closure}()
#44 /home/reasnovynt/Projects/gubukode/products/internship-system/vendor/laravel/framework/src/Illuminate/Pipeline/Pipeline.php(183): Illuminate\\Auth\\Middleware\\Authenticate->handle()
#45 /home/reasnovynt/Projects/gubukode/products/internship-system/vendor/laravel/framework/src/Illuminate/Foundation/Http/Middleware/VerifyCsrfToken.php(88): Illuminate\\Pipeline\\Pipeline->Illuminate\\Pipeline\\{closure}()
#46 /home/reasnovynt/Projects/gubukode/products/internship-system/vendor/laravel/framework/src/Illuminate/Pipeline/Pipeline.php(183): Illuminate\\Foundation\\Http\\Middleware\\VerifyCsrfToken->handle()
#47 /home/reasnovynt/Projects/gubukode/products/internship-system/vendor/laravel/framework/src/Illuminate/View/Middleware/ShareErrorsFromSession.php(49): Illuminate\\Pipeline\\Pipeline->Illuminate\\Pipeline\\{closure}()
#48 /home/reasnovynt/Projects/gubukode/products/internship-system/vendor/laravel/framework/src/Illuminate/Pipeline/Pipeline.php(183): Illuminate\\View\\Middleware\\ShareErrorsFromSession->handle()
#49 /home/reasnovynt/Projects/gubukode/products/internship-system/vendor/laravel/framework/src/Illuminate/Session/Middleware/StartSession.php(121): Illuminate\\Pipeline\\Pipeline->Illuminate\\Pipeline\\{closure}()
#50 /home/reasnovynt/Projects/gubukode/products/internship-system/vendor/laravel/framework/src/Illuminate/Session/Middleware/StartSession.php(64): Illuminate\\Session\\Middleware\\StartSession->handleStatefulRequest()
#51 /home/reasnovynt/Projects/gubukode/products/internship-system/vendor/laravel/framework/src/Illuminate/Pipeline/Pipeline.php(183): Illuminate\\Session\\Middleware\\StartSession->handle()
#52 /home/reasnovynt/Projects/gubukode/products/internship-system/vendor/laravel/framework/src/Illuminate/Cookie/Middleware/AddQueuedCookiesToResponse.php(37): Illuminate\\Pipeline\\Pipeline->Illuminate\\Pipeline\\{closure}()
#53 /home/reasnovynt/Projects/gubukode/products/internship-system/vendor/laravel/framework/src/Illuminate/Pipeline/Pipeline.php(183): Illuminate\\Cookie\\Middleware\\AddQueuedCookiesToResponse->handle()
#54 /home/reasnovynt/Projects/gubukode/products/internship-system/vendor/laravel/framework/src/Illuminate/Cookie/Middleware/EncryptCookies.php(75): Illuminate\\Pipeline\\Pipeline->Illuminate\\Pipeline\\{closure}()
#55 /home/reasnovynt/Projects/gubukode/products/internship-system/vendor/laravel/framework/src/Illuminate/Pipeline/Pipeline.php(183): Illuminate\\Cookie\\Middleware\\EncryptCookies->handle()
#56 /home/reasnovynt/Projects/gubukode/products/internship-system/vendor/laravel/framework/src/Illuminate/Pipeline/Pipeline.php(119): Illuminate\\Pipeline\\Pipeline->Illuminate\\Pipeline\\{closure}()
#57 /home/reasnovynt/Projects/gubukode/products/internship-system/vendor/laravel/framework/src/Illuminate/Routing/Router.php(807): Illuminate\\Pipeline\\Pipeline->then()
#58 /home/reasnovynt/Projects/gubukode/products/internship-system/vendor/laravel/framework/src/Illuminate/Routing/Router.php(786): Illuminate\\Routing\\Router->runRouteWithinStack()
#59 /home/reasnovynt/Projects/gubukode/products/internship-system/vendor/laravel/framework/src/Illuminate/Routing/Router.php(750): Illuminate\\Routing\\Router->runRoute()
#60 /home/reasnovynt/Projects/gubukode/products/internship-system/vendor/laravel/framework/src/Illuminate/Routing/Router.php(739): Illuminate\\Routing\\Router->dispatchToRoute()
#61 /home/reasnovynt/Projects/gubukode/products/internship-system/vendor/laravel/framework/src/Illuminate/Foundation/Http/Kernel.php(201): Illuminate\\Routing\\Router->dispatch()
#62 /home/reasnovynt/Projects/gubukode/products/internship-system/vendor/laravel/framework/src/Illuminate/Pipeline/Pipeline.php(144): Illuminate\\Foundation\\Http\\Kernel->Illuminate\\Foundation\\Http\\{closure}()
#63 /home/reasnovynt/Projects/gubukode/products/internship-system/vendor/livewire/livewire/src/Features/SupportDisablingBackButtonCache/DisableBackButtonCacheMiddleware.php(19): Illuminate\\Pipeline\\Pipeline->Illuminate\\Pipeline\\{closure}()
#64 /home/reasnovynt/Projects/gubukode/products/internship-system/vendor/laravel/framework/src/Illuminate/Pipeline/Pipeline.php(183): Livewire\\Features\\SupportDisablingBackButtonCache\\DisableBackButtonCacheMiddleware->handle()
#65 /home/reasnovynt/Projects/gubukode/products/internship-system/vendor/laravel/framework/src/Illuminate/Foundation/Http/Middleware/TransformsRequest.php(21): Illuminate\\Pipeline\\Pipeline->Illuminate\\Pipeline\\{closure}()
#66 /home/reasnovynt/Projects/gubukode/products/internship-system/vendor/laravel/framework/src/Illuminate/Foundation/Http/Middleware/ConvertEmptyStringsToNull.php(31): Illuminate\\Foundation\\Http\\Middleware\\TransformsRequest->handle()
#67 /home/reasnovynt/Projects/gubukode/products/internship-system/vendor/laravel/framework/src/Illuminate/Pipeline/Pipeline.php(183): Illuminate\\Foundation\\Http\\Middleware\\ConvertEmptyStringsToNull->handle()
#68 /home/reasnovynt/Projects/gubukode/products/internship-system/vendor/laravel/framework/src/Illuminate/Foundation/Http/Middleware/TransformsRequest.php(21): Illuminate\\Pipeline\\Pipeline->Illuminate\\Pipeline\\{closure}()
#69 /home/reasnovynt/Projects/gubukode/products/internship-system/vendor/laravel/framework/src/Illuminate/Foundation/Http/Middleware/TrimStrings.php(51): Illuminate\\Foundation\\Http\\Middleware\\TransformsRequest->handle()
#70 /home/reasnovynt/Projects/gubukode/products/internship-system/vendor/laravel/framework/src/Illuminate/Pipeline/Pipeline.php(183): Illuminate\\Foundation\\Http\\Middleware\\TrimStrings->handle()
#71 /home/reasnovynt/Projects/gubukode/products/internship-system/vendor/laravel/framework/src/Illuminate/Http/Middleware/ValidatePostSize.php(27): Illuminate\\Pipeline\\Pipeline->Illuminate\\Pipeline\\{closure}()
#72 /home/reasnovynt/Projects/gubukode/products/internship-system/vendor/laravel/framework/src/Illuminate/Pipeline/Pipeline.php(183): Illuminate\\Http\\Middleware\\ValidatePostSize->handle()
#73 /home/reasnovynt/Projects/gubukode/products/internship-system/vendor/laravel/framework/src/Illuminate/Foundation/Http/Middleware/PreventRequestsDuringMaintenance.php(110): Illuminate\\Pipeline\\Pipeline->Illuminate\\Pipeline\\{closure}()
#74 /home/reasnovynt/Projects/gubukode/products/internship-system/vendor/laravel/framework/src/Illuminate/Pipeline/Pipeline.php(183): Illuminate\\Foundation\\Http\\Middleware\\PreventRequestsDuringMaintenance->handle()
#75 /home/reasnovynt/Projects/gubukode/products/internship-system/vendor/laravel/framework/src/Illuminate/Http/Middleware/HandleCors.php(49): Illuminate\\Pipeline\\Pipeline->Illuminate\\Pipeline\\{closure}()
#76 /home/reasnovynt/Projects/gubukode/products/internship-system/vendor/laravel/framework/src/Illuminate/Pipeline/Pipeline.php(183): Illuminate\\Http\\Middleware\\HandleCors->handle()
#77 /home/reasnovynt/Projects/gubukode/products/internship-system/vendor/laravel/framework/src/Illuminate/Http/Middleware/TrustProxies.php(58): Illuminate\\Pipeline\\Pipeline->Illuminate\\Pipeline\\{closure}()
#78 /home/reasnovynt/Projects/gubukode/products/internship-system/vendor/laravel/framework/src/Illuminate/Pipeline/Pipeline.php(183): Illuminate\\Http\\Middleware\\TrustProxies->handle()
#79 /home/reasnovynt/Projects/gubukode/products/internship-system/vendor/laravel/framework/src/Illuminate/Foundation/Http/Middleware/InvokeDeferredCallbacks.php(22): Illuminate\\Pipeline\\Pipeline->Illuminate\\Pipeline\\{closure}()
#80 /home/reasnovynt/Projects/gubukode/products/internship-system/vendor/laravel/framework/src/Illuminate/Pipeline/Pipeline.php(183): Illuminate\\Foundation\\Http\\Middleware\\InvokeDeferredCallbacks->handle()
#81 /home/reasnovynt/Projects/gubukode/products/internship-system/vendor/laravel/framework/src/Illuminate/Pipeline/Pipeline.php(119): Illuminate\\Pipeline\\Pipeline->Illuminate\\Pipeline\\{closure}()
#82 /home/reasnovynt/Projects/gubukode/products/internship-system/vendor/laravel/framework/src/Illuminate/Foundation/Http/Kernel.php(176): Illuminate\\Pipeline\\Pipeline->then()
#83 /home/reasnovynt/Projects/gubukode/products/internship-system/vendor/laravel/framework/src/Illuminate/Foundation/Http/Kernel.php(145): Illuminate\\Foundation\\Http\\Kernel->sendRequestThroughRouter()
#84 /home/reasnovynt/Projects/gubukode/products/internship-system/vendor/laravel/framework/src/Illuminate/Foundation/Application.php(1188): Illuminate\\Foundation\\Http\\Kernel->handle()
#85 /home/reasnovynt/Projects/gubukode/products/internship-system/public/index.php(17): Illuminate\\Foundation\\Application->handleRequest()
#86 /home/reasnovynt/Projects/gubukode/products/internship-system/vendor/laravel/framework/src/Illuminate/Foundation/resources/server.php(23): require_once('...')
#87 {main}
"} 
